2024.06.18 01:38:20 INFO  Started: Metals version 1.3.1 in folders 'C:\Users\irushi weerasinghe\Desktop\Practical01\wholesalePrice' for client Visual Studio Code 1.90.1.
SLF4J(W): Class path contains multiple SLF4J providers.
SLF4J(W): Found provider [scribe.slf4j.ScribeServiceProvider@18b1e155]
SLF4J(W): Found provider [ch.qos.logback.classic.spi.LogbackServiceProvider@118db580]
SLF4J(W): See https://www.slf4j.org/codes.html#multiple_bindings for an explanation.
SLF4J(I): Actual provider is of type [scribe.slf4j.ScribeServiceProvider@18b1e155]
2024.06.18 01:38:20 WARN  Flyway upgrade recommended: H2 2.2.224 is newer than this version of Flyway and support has not been tested. The latest supported version of H2 is 2.2.220.
2024.06.18 01:38:21 INFO  no build target found for C:\Users\irushi weerasinghe\Desktop\Practical01\wholesalePrice\wholesalePrice.scala. Using presentation compiler with project's scala-library version: 3.3.3
Jun 18, 2024 1:38:24 AM org.eclipse.lsp4j.jsonrpc.RemoteEndpoint handleCancellation
WARNING: Unmatched cancel notification for request id 2
2024.06.18 01:38:24 INFO  no build target found for C:\Users\irushi weerasinghe\Desktop\Practical01\wholesalePrice\wholesalePrice.scala. Using presentation compiler with project's scala-library version: 3.3.3
Jun 18, 2024 1:38:24 AM org.eclipse.lsp4j.jsonrpc.RemoteEndpoint handleCancellation
WARNING: Unmatched cancel notification for request id 8
Jun 18, 2024 1:38:24 AM org.eclipse.lsp4j.jsonrpc.RemoteEndpoint handleCancellation
WARNING: Unmatched cancel notification for request id 11
Jun 18, 2024 1:38:24 AM org.eclipse.lsp4j.jsonrpc.RemoteEndpoint handleCancellation
WARNING: Unmatched cancel notification for request id 13
2024.06.18 01:38:24 WARN  no build target for: C:\Users\irushi weerasinghe\Desktop\Practical01\wholesalePrice\wholesalePrice.scala
2024.06.18 01:38:24 INFO  no build target found for C:\Users\irushi weerasinghe\Desktop\Practical01\wholesalePrice\wholesalePrice.scala. Using presentation compiler with project's scala-library version: 3.3.3
2024.06.18 01:38:24 INFO  no build target found for C:\Users\irushi weerasinghe\Desktop\Practical01\wholesalePrice\wholesalePrice.scala. Using presentation compiler with project's scala-library version: 3.3.3
2024.06.18 01:38:24 WARN  no build target for: C:\Users\irushi weerasinghe\Desktop\Practical01\wholesalePrice\wholesalePrice.scala
2024.06.18 01:38:26 INFO  Running List(C:\Users\irushi weerasinghe\AppData\Local\Coursier\data\bin\scala-cli.BAT, setup-ide, C:\Users\irushi weerasinghe\Desktop\Practical01\wholesalePrice)
2024.06.18 01:38:26 INFO  Attempting to connect to the build server...
2024.06.18 01:38:26 INFO  Running BSP server List(C:\Users\irushi weerasinghe\AppData\Local\Coursier\data\bin\.scala-cli.aux.exe, bsp, --json-options, C:\Users\irushi weerasinghe\Desktop\Practical01\wholesalePrice\.scala-build\ide-options-v2.json, --json-launcher-options, C:\Users\irushi weerasinghe\Desktop\Practical01\wholesalePrice\.scala-build\ide-launcher-options.json, --envs-file, C:\Users\irushi weerasinghe\Desktop\Practical01\wholesalePrice\.scala-build\ide-envs.json, C:\Users\irushi weerasinghe\Desktop\Practical01\wholesalePrice)
2024.06.18 01:38:27 INFO  tracing is disabled for protocol BSP, to enable tracing of incoming and outgoing JSON messages create an empty file at C:\Users\irushi weerasinghe\Desktop\Practical01\wholesalePrice\.metals\bsp.trace.json or C:\Users\irushi weerasinghe\AppData\Local\scalameta\metals\cache\bsp.trace.json
2024.06.18 01:38:28 WARN  no build target for: C:\Users\irushi weerasinghe\Desktop\Practical01\wholesalePrice\wholesalePrice.scala
2024.06.18 01:38:29 INFO  no build target found for C:\Users\irushi weerasinghe\Desktop\Practical01\wholesalePrice\wholesalePrice.scala. Using presentation compiler with project's scala-library version: 3.3.3
2024.06.18 01:38:31 INFO  no build target found for C:\Users\irushi weerasinghe\Desktop\Practical01\wholesalePrice\wholesalePrice.scala. Using presentation compiler with project's scala-library version: 3.3.3
2024.06.18 01:38:32 INFO  time: Connected to build server in 5.19s
2024.06.18 01:38:32 INFO  Connected to Build server: scala-cli v1.3.2
2024.06.18 01:38:33 INFO  compiling wholesaleprice_f4dd477a3a (1 scala source)
2024.06.18 01:38:34 INFO  time: compiled wholesalePrice_f4dd477a3a in 1.2s
2024.06.18 01:38:34 INFO  compiling wholesaleprice_f4dd477a3a (1 scala source)
2024.06.18 01:38:34 INFO  time: compiled wholesalePrice_f4dd477a3a in 0.65s
2024.06.18 01:38:35 INFO  compiling wholesaleprice_f4dd477a3a (1 scala source)
2024.06.18 01:38:35 INFO  time: compiled wholesalePrice_f4dd477a3a in 0.45s
2024.06.18 01:38:39 INFO  time: indexed workspace in 6.68s
2024.06.18 01:38:39 INFO  compiling wholesaleprice_f4dd477a3a (1 scala source)
2024.06.18 01:38:39 INFO  time: compiled wholesalePrice_f4dd477a3a in 0.38s
2024.06.18 01:38:39 INFO  compiling wholesaleprice_f4dd477a3a (1 scala source)
2024.06.18 01:38:41 INFO  time: compiled wholesalePrice_f4dd477a3a in 0.77s
2024.06.18 01:40:08 INFO  compiling wholesaleprice_f4dd477a3a (1 scala source)
2024.06.18 01:40:08 INFO  time: compiled wholesalePrice_f4dd477a3a in 0.24s
2024.06.18 01:40:29 INFO  compiling wholesaleprice_f4dd477a3a (1 scala source)
2024.06.18 01:40:29 INFO  time: compiled wholesalePrice_f4dd477a3a in 0.31s
2024.06.18 01:40:58 INFO  compiling wholesaleprice_f4dd477a3a (1 scala source)
2024.06.18 01:40:58 INFO  time: compiled wholesalePrice_f4dd477a3a in 0.23s
2024.06.18 01:41:03 INFO  compiling wholesaleprice_f4dd477a3a (1 scala source)
2024.06.18 01:41:03 INFO  time: compiled wholesalePrice_f4dd477a3a in 0.43s
2024.06.18 01:41:05 INFO  compiling wholesaleprice_f4dd477a3a (1 scala source)
2024.06.18 01:41:05 INFO  time: compiled wholesalePrice_f4dd477a3a in 0.37s
2024.06.18 01:41:12 INFO  compiling wholesaleprice_f4dd477a3a (1 scala source)
2024.06.18 01:41:12 INFO  time: compiled wholesalePrice_f4dd477a3a in 0.22s
2024.06.18 01:56:45 INFO  Shutting down server
2024.06.18 01:56:45 INFO  shutting down Metals
2024.06.18 01:56:45 INFO  Shut down connection with build server.
2024.06.18 01:56:45 INFO  Exiting server
